   1              	 .cpu cortex-m0
   2              	 .fpu softvfp
   3              	 .eabi_attribute 20,1
   4              	 .eabi_attribute 21,1
   5              	 .eabi_attribute 23,3
   6              	 .eabi_attribute 24,1
   7              	 .eabi_attribute 25,1
   8              	 .eabi_attribute 26,1
   9              	 .eabi_attribute 30,6
  10              	 .eabi_attribute 34,0
  11              	 .eabi_attribute 18,4
  12              	 .code 16
  13              	 .file "main.c"
  14              	 .text
  15              	.Ltext0:
  16              	 .cfi_sections .debug_frame
  17              	 .section .text.main,"ax",%progbits
  18              	 .align 2
  19              	 .global main
  20              	 .code 16
  21              	 .thumb_func
  23              	main:
  24              	.LFB133:
  25              	 .file 1 "../main.c"
   1:../main.c     **** /*
   2:../main.c     ****  * main.c
   3:../main.c     ****  *
   4:../main.c     ****  *  Created on: 2024 Mar 27 08:28:17
   5:../main.c     ****  *  Author: AlbrechAndre
   6:../main.c     ****  */
   7:../main.c     **** 
   8:../main.c     **** 
   9:../main.c     **** 
  10:../main.c     **** 
  11:../main.c     **** #include "DAVE.h"                 //Declarations from DAVE Code Generation (includes SFR declaratio
  12:../main.c     **** 
  13:../main.c     **** /**
  14:../main.c     **** 
  15:../main.c     ****  * @brief main() - Application entry point
  16:../main.c     ****  *
  17:../main.c     ****  * <b>Details of function</b><br>
  18:../main.c     ****  * This routine is the application entry point. It is invoked by the device startup code. It is res
  19:../main.c     ****  * invoking the APP initialization dispatcher routine - DAVE_Init() and hosting the place-holder fo
  20:../main.c     ****  * code.
  21:../main.c     ****  */
  22:../main.c     **** 
  23:../main.c     **** int main(void)
  24:../main.c     **** {
  26              	 .loc 1 24 0
  27              	 .cfi_startproc
  28 0000 90B5     	 push {r4,r7,lr}
  29              	.LCFI0:
  30              	 .cfi_def_cfa_offset 12
  31              	 .cfi_offset 4,-12
  32              	 .cfi_offset 7,-8
  33              	 .cfi_offset 14,-4
  34 0002 87B0     	 sub sp,sp,#28
  35              	.LCFI1:
  36              	 .cfi_def_cfa_offset 40
  37 0004 00AF     	 add r7,sp,#0
  38              	.LCFI2:
  39              	 .cfi_def_cfa_register 7
  25:../main.c     ****   DAVE_STATUS_t status;
  26:../main.c     **** 
  27:../main.c     ****   status = DAVE_Init();           /* Initialization of DAVE APPs  */
  40              	 .loc 1 27 0
  41 0006 0F23     	 mov r3,#15
  42 0008 FC18     	 add r4,r7,r3
  43 000a FFF7FEFF 	 bl DAVE_Init
  44 000e 031C     	 mov r3,r0
  45 0010 2370     	 strb r3,[r4]
  28:../main.c     **** 
  29:../main.c     ****   if (status != DAVE_STATUS_SUCCESS)
  46              	 .loc 1 29 0
  47 0012 0F23     	 mov r3,#15
  48 0014 FB18     	 add r3,r7,r3
  49 0016 1B78     	 ldrb r3,[r3]
  50 0018 002B     	 cmp r3,#0
  51 001a 00D0     	 beq .L2
  52              	.L3:
  30:../main.c     ****   {
  31:../main.c     ****     /* Placeholder for error handler code. The while loop below can be replaced with an user error 
  32:../main.c     ****     XMC_DEBUG("DAVE APPs initialization failed\n");
  33:../main.c     **** 
  34:../main.c     ****     while(1U)
  35:../main.c     ****     {
  36:../main.c     **** 
  37:../main.c     ****     }
  53              	 .loc 1 37 0 discriminator 1
  54 001c FEE7     	 b .L3
  55              	.L2:
  38:../main.c     ****   }
  39:../main.c     **** 
  40:../main.c     ****   int duty_A=1000;
  56              	 .loc 1 40 0
  57 001e FA23     	 mov r3,#250
  58 0020 9B00     	 lsl r3,r3,#2
  59 0022 BB60     	 str r3,[r7,#8]
  41:../main.c     ****   int duty_B=9000;
  60              	 .loc 1 41 0
  61 0024 104B     	 ldr r3,.L8
  62 0026 7B60     	 str r3,[r7,#4]
  42:../main.c     ****   int duty=5000;
  63              	 .loc 1 42 0
  64 0028 104B     	 ldr r3,.L8+4
  65 002a 7B61     	 str r3,[r7,#20]
  43:../main.c     ****   int i=0;
  66              	 .loc 1 43 0
  67 002c 0023     	 mov r3,#0
  68 002e 3B61     	 str r3,[r7,#16]
  69              	.L7:
  44:../main.c     **** 
  45:../main.c     ****   /* Placeholder for user application code. The while loop below can be replaced with user applicat
  46:../main.c     ****   while(1U)
  47:../main.c     ****   {
  48:../main.c     **** 	  if(i==50000){
  70              	 .loc 1 48 0
  71 0030 3B69     	 ldr r3,[r7,#16]
  72 0032 0F4A     	 ldr r2,.L8+8
  73 0034 9342     	 cmp r3,r2
  74 0036 01D1     	 bne .L4
  49:../main.c     **** 		  duty=duty_A;
  75              	 .loc 1 49 0
  76 0038 BB68     	 ldr r3,[r7,#8]
  77 003a 7B61     	 str r3,[r7,#20]
  78              	.L4:
  50:../main.c     **** 	  }
  51:../main.c     **** 	  if(i==100000){
  79              	 .loc 1 51 0
  80 003c 3B69     	 ldr r3,[r7,#16]
  81 003e 0D4A     	 ldr r2,.L8+12
  82 0040 9342     	 cmp r3,r2
  83 0042 01D1     	 bne .L5
  52:../main.c     **** 		  duty=duty_B;
  84              	 .loc 1 52 0
  85 0044 7B68     	 ldr r3,[r7,#4]
  86 0046 7B61     	 str r3,[r7,#20]
  87              	.L5:
  53:../main.c     **** 	  }
  54:../main.c     **** 	  if(i==150000){
  88              	 .loc 1 54 0
  89 0048 3B69     	 ldr r3,[r7,#16]
  90 004a 0B4A     	 ldr r2,.L8+16
  91 004c 9342     	 cmp r3,r2
  92 004e 01D1     	 bne .L6
  55:../main.c     **** 		  i=0;
  93              	 .loc 1 55 0
  94 0050 0023     	 mov r3,#0
  95 0052 3B61     	 str r3,[r7,#16]
  96              	.L6:
  56:../main.c     **** 	  }
  57:../main.c     **** 
  58:../main.c     **** 	  PWM_CCU8_SetFreqAsymmetric(&PWM_CCU8_0, duty);
  97              	 .loc 1 58 0
  98 0054 7B69     	 ldr r3,[r7,#20]
  99 0056 094A     	 ldr r2,.L8+20
 100 0058 101C     	 mov r0,r2
 101 005a 191C     	 mov r1,r3
 102 005c FFF7FEFF 	 bl PWM_CCU8_SetFreqAsymmetric
  59:../main.c     **** 	  i++;
 103              	 .loc 1 59 0
 104 0060 3B69     	 ldr r3,[r7,#16]
 105 0062 0133     	 add r3,r3,#1
 106 0064 3B61     	 str r3,[r7,#16]
  60:../main.c     ****   }
 107              	 .loc 1 60 0
 108 0066 E3E7     	 b .L7
 109              	.L9:
 110              	 .align 2
 111              	.L8:
 112 0068 28230000 	 .word 9000
 113 006c 88130000 	 .word 5000
 114 0070 50C30000 	 .word 50000
 115 0074 A0860100 	 .word 100000
 116 0078 F0490200 	 .word 150000
 117 007c 00000000 	 .word PWM_CCU8_0
 118              	 .cfi_endproc
 119              	.LFE133:
 121              	 .text
 122              	.Letext0:
 123              	 .file 2 "c:\\infineon\\tools\\dave ide\\4.5.0.202105191637\\eclipse\\arm-gcc-49\\arm-none-eabi\\include\\machine\\_default_types.h"
 124              	 .file 3 "c:\\infineon\\tools\\dave ide\\4.5.0.202105191637\\eclipse\\arm-gcc-49\\arm-none-eabi\\include\\stdint.h"
 125              	 .file 4 "C:/Users/AlbrechAndre/Documents/Office/IMM_2024/Dave/PWM_example/Libraries/CMSIS/Infineon/XMC1300_series/Include/XMC1300.h"
 126              	 .file 5 "C:/Users/AlbrechAndre/Documents/Office/IMM_2024/Dave/PWM_example/Libraries/XMCLib/inc/xmc1_scu.h"
 127              	 .file 6 "C:/Users/AlbrechAndre/Documents/Office/IMM_2024/Dave/PWM_example/Libraries/XMCLib/inc/xmc_ccu8.h"
 128              	 .file 7 "C:/Users/AlbrechAndre/Documents/Office/IMM_2024/Dave/PWM_example/Dave/Generated/GLOBAL_CCU8/global_ccu8.h"
 129              	 .file 8 "C:/Users/AlbrechAndre/Documents/Office/IMM_2024/Dave/PWM_example/Libraries/XMCLib/inc/xmc_gpio.h"
 130              	 .file 9 "C:/Users/AlbrechAndre/Documents/Office/IMM_2024/Dave/PWM_example/Libraries/XMCLib/inc/xmc1_gpio.h"
 131              	 .file 10 "C:/Users/AlbrechAndre/Documents/Office/IMM_2024/Dave/PWM_example/Dave/Generated/PWM_CCU8/pwm_ccu8.h"
 132              	 .file 11 "C:/Users/AlbrechAndre/Documents/Office/IMM_2024/Dave/PWM_example/Dave/Generated/DAVE.h"
 133              	 .file 12 "C:/Users/AlbrechAndre/Documents/Office/IMM_2024/Dave/PWM_example/Libraries/CMSIS/Include/cmsis_gcc.h"
 134              	 .file 13 "C:/Users/AlbrechAndre/Documents/Office/IMM_2024/Dave/PWM_example/Libraries/CMSIS/Infineon/XMC1300_series/Include/system_XMC1300.h"
 135              	 .file 14 "C:/Users/AlbrechAndre/Documents/Office/IMM_2024/Dave/PWM_example/Dave/Generated/PWM_CCU8/pwm_ccu8_extern.h"
DEFINED SYMBOLS
                            *ABS*:00000000 main.c
    {standard input}:18     .text.main:00000000 $t
    {standard input}:23     .text.main:00000000 main
    {standard input}:112    .text.main:00000068 $d
                     .debug_frame:00000010 $d

UNDEFINED SYMBOLS
DAVE_Init
PWM_CCU8_SetFreqAsymmetric
PWM_CCU8_0
