   1              	 .cpu cortex-m0
   2              	 .fpu softvfp
   3              	 .eabi_attribute 20,1
   4              	 .eabi_attribute 21,1
   5              	 .eabi_attribute 23,3
   6              	 .eabi_attribute 24,1
   7              	 .eabi_attribute 25,1
   8              	 .eabi_attribute 26,1
   9              	 .eabi_attribute 30,6
  10              	 .eabi_attribute 34,0
  11              	 .eabi_attribute 18,4
  12              	 .code 16
  13              	 .file "DAVE.c"
  14              	 .text
  15              	.Ltext0:
  16              	 .cfi_sections .debug_frame
  17              	 .section .text.DAVE_Init,"ax",%progbits
  18              	 .align 2
  19              	 .weak DAVE_Init
  20              	 .code 16
  21              	 .thumb_func
  23              	DAVE_Init:
  24              	.LFB133:
  25              	 .file 1 "../Dave/Generated/DAVE.c"
   1:../Dave/Generated/DAVE.c **** 
   2:../Dave/Generated/DAVE.c **** /**
   3:../Dave/Generated/DAVE.c ****  * @cond
   4:../Dave/Generated/DAVE.c ****  **************************************************************************************************
   5:../Dave/Generated/DAVE.c ****  *
   6:../Dave/Generated/DAVE.c ****  * Copyright (c) 2015-2020, Infineon Technologies AG
   7:../Dave/Generated/DAVE.c ****  * All rights reserved.
   8:../Dave/Generated/DAVE.c ****  *
   9:../Dave/Generated/DAVE.c ****  * Redistribution and use in source and binary forms, with or without modification,are permitted pr
  10:../Dave/Generated/DAVE.c ****  * following conditions are met:
  11:../Dave/Generated/DAVE.c ****  *
  12:../Dave/Generated/DAVE.c ****  *   Redistributions of source code must retain the above copyright notice, this list of conditions
  13:../Dave/Generated/DAVE.c ****  *   disclaimer.
  14:../Dave/Generated/DAVE.c ****  *
  15:../Dave/Generated/DAVE.c ****  *   Redistributions in binary form must reproduce the above copyright notice, this list of conditi
  16:../Dave/Generated/DAVE.c ****  *   following disclaimer in the documentation and/or other materials provided with the distributio
  17:../Dave/Generated/DAVE.c ****  *
  18:../Dave/Generated/DAVE.c ****  *   Neither the name of the copyright holders nor the names of its contributors may be used to end
  19:../Dave/Generated/DAVE.c ****  *   products derived from this software without specific prior written permission.
  20:../Dave/Generated/DAVE.c ****  *
  21:../Dave/Generated/DAVE.c ****  * THIS SOFTWARE IS PROVIDED BY THE COPYRIGHT HOLDERS AND CONTRIBUTORS "AS IS" AND ANY EXPRESS OR I
  22:../Dave/Generated/DAVE.c ****  * INCLUDING, BUT NOT LIMITED TO, THE IMPLIED WARRANTIES OF MERCHANTABILITY AND FITNESS FOR A PARTI
  23:../Dave/Generated/DAVE.c ****  * DISCLAIMED. IN NO EVENT SHALL THE COPYRIGHT HOLDER OR CONTRIBUTORS BE LIABLE  FOR ANY DIRECT, IN
  24:../Dave/Generated/DAVE.c ****  * SPECIAL, EXEMPLARY, OR CONSEQUENTIAL DAMAGES (INCLUDING, BUT NOT LIMITED TO, PROCUREMENT OF SUBS
  25:../Dave/Generated/DAVE.c ****  * SERVICES; LOSS OF USE, DATA, OR PROFITS; OR BUSINESS INTERRUPTION) HOWEVER CAUSED AND ON ANY THE
  26:../Dave/Generated/DAVE.c ****  * WHETHER IN CONTRACT, STRICT LIABILITY,OR TORT (INCLUDING NEGLIGENCE OR OTHERWISE) ARISING IN ANY
  27:../Dave/Generated/DAVE.c ****  * USE OF THIS SOFTWARE, EVEN IF ADVISED OF THE POSSIBILITY OF SUCH DAMAGE.
  28:../Dave/Generated/DAVE.c ****  *
  29:../Dave/Generated/DAVE.c ****  * To improve the quality of the software, users are encouraged to share modifications, enhancement
  30:../Dave/Generated/DAVE.c ****  * with Infineon Technologies AG (dave@infineon.com).
  31:../Dave/Generated/DAVE.c ****  **************************************************************************************************
  32:../Dave/Generated/DAVE.c ****  *
  33:../Dave/Generated/DAVE.c ****  * Change History
  34:../Dave/Generated/DAVE.c ****  * --------------
  35:../Dave/Generated/DAVE.c ****  *
  36:../Dave/Generated/DAVE.c ****  * 2014-06-16:
  37:../Dave/Generated/DAVE.c ****  *     - Initial version<br>
  38:../Dave/Generated/DAVE.c ****  * 2015-08-28:
  39:../Dave/Generated/DAVE.c ****  *     - Added CLOCK_XMC1_Init conditionally
  40:../Dave/Generated/DAVE.c ****  * 2018-08-08:
  41:../Dave/Generated/DAVE.c ****  *     - Add creation of projectData.bak file
  42:../Dave/Generated/DAVE.c ****  * 2019-01-30:
  43:../Dave/Generated/DAVE.c ****  *     - Fix creation of projectData.bak file
  44:../Dave/Generated/DAVE.c ****  * 2019-04-29:
  45:../Dave/Generated/DAVE.c ****  *     - Make DAVE_Init() weak, the user can reimplement the function
  46:../Dave/Generated/DAVE.c ****  *
  47:../Dave/Generated/DAVE.c ****  * @endcond
  48:../Dave/Generated/DAVE.c ****  *
  49:../Dave/Generated/DAVE.c ****  */
  50:../Dave/Generated/DAVE.c **** 
  51:../Dave/Generated/DAVE.c **** /**************************************************************************************************
  52:../Dave/Generated/DAVE.c ****  * HEADER FILES
  53:../Dave/Generated/DAVE.c ****  **************************************************************************************************
  54:../Dave/Generated/DAVE.c **** #include "DAVE.h"
  55:../Dave/Generated/DAVE.c **** 
  56:../Dave/Generated/DAVE.c **** /**************************************************************************************************
  57:../Dave/Generated/DAVE.c ****  * API IMPLEMENTATION
  58:../Dave/Generated/DAVE.c ****  **************************************************************************************************
  59:../Dave/Generated/DAVE.c **** 
  60:../Dave/Generated/DAVE.c **** /*******************************************************************************
  61:../Dave/Generated/DAVE.c ****  * @brief This function initializes the APPs Init Functions.
  62:../Dave/Generated/DAVE.c ****  *
  63:../Dave/Generated/DAVE.c ****  * @param[in]  None
  64:../Dave/Generated/DAVE.c ****  *
  65:../Dave/Generated/DAVE.c ****  * @return  DAVE_STATUS_t <BR>
  66:../Dave/Generated/DAVE.c ****  ******************************************************************************/
  67:../Dave/Generated/DAVE.c **** __WEAK DAVE_STATUS_t DAVE_Init(void)
  68:../Dave/Generated/DAVE.c **** {
  26              	 .loc 1 68 0
  27              	 .cfi_startproc
  28 0000 90B5     	 push {r4,r7,lr}
  29              	.LCFI0:
  30              	 .cfi_def_cfa_offset 12
  31              	 .cfi_offset 4,-12
  32              	 .cfi_offset 7,-8
  33              	 .cfi_offset 14,-4
  34 0002 83B0     	 sub sp,sp,#12
  35              	.LCFI1:
  36              	 .cfi_def_cfa_offset 24
  37 0004 00AF     	 add r7,sp,#0
  38              	.LCFI2:
  39              	 .cfi_def_cfa_register 7
  69:../Dave/Generated/DAVE.c ****   DAVE_STATUS_t init_status;
  70:../Dave/Generated/DAVE.c ****   
  71:../Dave/Generated/DAVE.c ****   init_status = DAVE_STATUS_SUCCESS;
  40              	 .loc 1 71 0
  41 0006 FB1D     	 add r3,r7,#7
  42 0008 0022     	 mov r2,#0
  43 000a 1A70     	 strb r2,[r3]
  72:../Dave/Generated/DAVE.c ****      /** @Initialization of APPs Init Functions */
  73:../Dave/Generated/DAVE.c ****      init_status = (DAVE_STATUS_t)CLOCK_XMC1_Init(&CLOCK_XMC1_0);
  44              	 .loc 1 73 0
  45 000c FC1D     	 add r4,r7,#7
  46 000e 0B4B     	 ldr r3,.L4
  47 0010 181C     	 mov r0,r3
  48 0012 FFF7FEFF 	 bl CLOCK_XMC1_Init
  49 0016 031C     	 mov r3,r0
  50 0018 2370     	 strb r3,[r4]
  74:../Dave/Generated/DAVE.c **** 
  75:../Dave/Generated/DAVE.c ****   if (init_status == DAVE_STATUS_SUCCESS)
  51              	 .loc 1 75 0
  52 001a FB1D     	 add r3,r7,#7
  53 001c 1B78     	 ldrb r3,[r3]
  54 001e 002B     	 cmp r3,#0
  55 0020 06D1     	 bne .L2
  76:../Dave/Generated/DAVE.c ****   {
  77:../Dave/Generated/DAVE.c **** 	 /**  Initialization of PWM_CCU8 APP instance PWM_CCU8_0 */
  78:../Dave/Generated/DAVE.c **** 	 init_status = (DAVE_STATUS_t)PWM_CCU8_Init(&PWM_CCU8_0); 
  56              	 .loc 1 78 0
  57 0022 FC1D     	 add r4,r7,#7
  58 0024 064B     	 ldr r3,.L4+4
  59 0026 181C     	 mov r0,r3
  60 0028 FFF7FEFF 	 bl PWM_CCU8_Init
  61 002c 031C     	 mov r3,r0
  62 002e 2370     	 strb r3,[r4]
  63              	.L2:
  79:../Dave/Generated/DAVE.c ****    }  
  80:../Dave/Generated/DAVE.c ****   return init_status;
  64              	 .loc 1 80 0
  65 0030 FB1D     	 add r3,r7,#7
  66 0032 1B78     	 ldrb r3,[r3]
  81:../Dave/Generated/DAVE.c **** } /**  End of function DAVE_Init */
  67              	 .loc 1 81 0
  68 0034 181C     	 mov r0,r3
  69 0036 BD46     	 mov sp,r7
  70 0038 03B0     	 add sp,sp,#12
  71              	 
  72 003a 90BD     	 pop {r4,r7,pc}
  73              	.L5:
  74              	 .align 2
  75              	.L4:
  76 003c 00000000 	 .word CLOCK_XMC1_0
  77 0040 00000000 	 .word PWM_CCU8_0
  78              	 .cfi_endproc
  79              	.LFE133:
  81              	 .text
  82              	.Letext0:
  83              	 .file 2 "c:\\infineon\\tools\\dave ide\\4.5.0.202105191637\\eclipse\\arm-gcc-49\\arm-none-eabi\\include\\machine\\_default_types.h"
  84              	 .file 3 "c:\\infineon\\tools\\dave ide\\4.5.0.202105191637\\eclipse\\arm-gcc-49\\arm-none-eabi\\include\\stdint.h"
  85              	 .file 4 "C:/Users/AlbrechAndre/Documents/Office/IMM_2024/Dave/PWM_example/Libraries/CMSIS/Infineon/XMC1300_series/Include/XMC1300.h"
  86              	 .file 5 "C:/Users/AlbrechAndre/Documents/Office/IMM_2024/Dave/PWM_example/Libraries/XMCLib/inc/xmc1_scu.h"
  87              	 .file 6 "../Dave/Generated/CLOCK_XMC1/clock_xmc1.h"
  88              	 .file 7 "C:/Users/AlbrechAndre/Documents/Office/IMM_2024/Dave/PWM_example/Libraries/XMCLib/inc/xmc_ccu8.h"
  89              	 .file 8 "../Dave/Generated/GLOBAL_CCU8/global_ccu8.h"
  90              	 .file 9 "C:/Users/AlbrechAndre/Documents/Office/IMM_2024/Dave/PWM_example/Libraries/XMCLib/inc/xmc_gpio.h"
  91              	 .file 10 "C:/Users/AlbrechAndre/Documents/Office/IMM_2024/Dave/PWM_example/Libraries/XMCLib/inc/xmc1_gpio.h"
  92              	 .file 11 "../Dave/Generated/PWM_CCU8/pwm_ccu8.h"
  93              	 .file 12 "../Dave/Generated/DAVE.h"
  94              	 .file 13 "C:/Users/AlbrechAndre/Documents/Office/IMM_2024/Dave/PWM_example/Libraries/CMSIS/Include/cmsis_gcc.h"
  95              	 .file 14 "C:/Users/AlbrechAndre/Documents/Office/IMM_2024/Dave/PWM_example/Libraries/CMSIS/Infineon/XMC1300_series/Include/system_XMC1300.h"
  96              	 .file 15 "../Dave/Generated/CLOCK_XMC1/clock_xmc1_extern.h"
  97              	 .file 16 "../Dave/Generated/PWM_CCU8/pwm_ccu8_extern.h"
DEFINED SYMBOLS
                            *ABS*:00000000 DAVE.c
    {standard input}:18     .text.DAVE_Init:00000000 $t
    {standard input}:23     .text.DAVE_Init:00000000 DAVE_Init
    {standard input}:76     .text.DAVE_Init:0000003c $d
                     .debug_frame:00000010 $d

UNDEFINED SYMBOLS
CLOCK_XMC1_Init
PWM_CCU8_Init
CLOCK_XMC1_0
PWM_CCU8_0
